{"total": {"lines":{"total":36,"covered":10,"skipped":0,"pct":27.77},"statements":{"total":39,"covered":10,"skipped":0,"pct":25.64},"functions":{"total":19,"covered":2,"skipped":0,"pct":10.52},"branches":{"total":28,"covered":2,"skipped":0,"pct":7.14},"branchesTrue":{"total":0,"covered":0,"skipped":0,"pct":"Unknown"}}
,"/home/runner/work/react-layout/react-layout/core/src/Content.tsx": {"lines":{"total":2,"covered":0,"skipped":0,"pct":0},"functions":{"total":1,"covered":0,"skipped":0,"pct":0},"statements":{"total":2,"covered":0,"skipped":0,"pct":0},"branches":{"total":2,"covered":0,"skipped":0,"pct":0}}
,"/home/runner/work/react-layout/react-layout/core/src/Footer.tsx": {"lines":{"total":2,"covered":0,"skipped":0,"pct":0},"functions":{"total":1,"covered":0,"skipped":0,"pct":0},"statements":{"total":2,"covered":0,"skipped":0,"pct":0},"branches":{"total":2,"covered":0,"skipped":0,"pct":0}}
,"/home/runner/work/react-layout/react-layout/core/src/Header.tsx": {"lines":{"total":2,"covered":0,"skipped":0,"pct":0},"functions":{"total":1,"covered":0,"skipped":0,"pct":0},"statements":{"total":2,"covered":0,"skipped":0,"pct":0},"branches":{"total":2,"covered":0,"skipped":0,"pct":0}}
,"/home/runner/work/react-layout/react-layout/core/src/Layout.tsx": {"lines":{"total":11,"covered":6,"skipped":0,"pct":54.54},"functions":{"total":9,"covered":2,"skipped":0,"pct":22.22},"statements":{"total":13,"covered":6,"skipped":0,"pct":46.15},"branches":{"total":4,"covered":2,"skipped":0,"pct":50}}
,"/home/runner/work/react-layout/react-layout/core/src/Sider.tsx": {"lines":{"total":15,"covered":0,"skipped":0,"pct":0},"functions":{"total":7,"covered":0,"skipped":0,"pct":0},"statements":{"total":16,"covered":0,"skipped":0,"pct":0},"branches":{"total":18,"covered":0,"skipped":0,"pct":0}}
,"/home/runner/work/react-layout/react-layout/core/src/index.tsx": {"lines":{"total":4,"covered":4,"skipped":0,"pct":100},"functions":{"total":0,"covered":0,"skipped":0,"pct":100},"statements":{"total":4,"covered":4,"skipped":0,"pct":100},"branches":{"total":0,"covered":0,"skipped":0,"pct":100}}
}
