TN:
SF:core/src/Content.tsx
FN:8,LayoutContent
FNF:1
FNH:1
FNDA:5,LayoutContent
DA:9,5
DA:10,5
LF:2
LH:2
BRDA:9,0,0,5
BRF:1
BRH:1
end_of_record
TN:
SF:core/src/Footer.tsx
FN:8,LayoutFooter
FNF:1
FNH:1
FNDA:5,LayoutFooter
DA:9,5
DA:10,5
LF:2
LH:2
BRDA:9,0,0,5
BRF:1
BRH:1
end_of_record
TN:
SF:core/src/Header.tsx
FN:8,LayoutHeader
FNF:1
FNH:1
FNDA:5,LayoutHeader
DA:9,5
DA:10,5
LF:2
LH:2
BRDA:9,0,0,5
BRDA:9,1,0,5
BRDA:9,1,1,0
BRF:3
BRH:2
end_of_record
TN:
SF:core/src/Layout.tsx
FN:15,(anonymous_0)
FN:16,(anonymous_1)
FN:37,(anonymous_2)
FN:39,(anonymous_3)
FN:40,(anonymous_4)
FN:44,(anonymous_5)
FN:45,(anonymous_6)
FN:46,(anonymous_7)
FN:51,(anonymous_8)
FNF:9
FNH:5
FNDA:0,(anonymous_0)
FNDA:0,(anonymous_1)
FNDA:14,(anonymous_2)
FNDA:3,(anonymous_3)
FNDA:3,(anonymous_4)
FNDA:3,(anonymous_5)
FNDA:0,(anonymous_6)
FNDA:0,(anonymous_7)
FNDA:14,(anonymous_8)
DA:13,1
DA:15,0
DA:16,0
DA:33,1
DA:36,7
DA:38,14
DA:40,3
DA:45,3
DA:46,0
DA:52,14
DA:53,14
LF:11
LH:8
BRDA:59,0,0,6
BRDA:59,0,1,8
BRDA:59,1,0,14
BRDA:59,1,1,1
BRDA:59,1,2,13
BRF:5
BRH:5
end_of_record
TN:
SF:core/src/Sider.tsx
FN:4,randomid
FN:16,Sider
FN:31,(anonymous_2)
FN:35,(anonymous_3)
FN:42,(anonymous_4)
FN:58,LayoutSider
FN:61,(anonymous_6)
FNF:7
FNH:7
FNDA:13,randomid
FNDA:13,Sider
FNDA:3,(anonymous_2)
FNDA:3,(anonymous_3)
FNDA:5,(anonymous_4)
FNDA:5,LayoutSider
FNDA:8,(anonymous_6)
DA:5,13
DA:27,13
DA:28,13
DA:29,13
DA:31,13
DA:32,3
DA:33,3
DA:35,3
DA:36,3
DA:37,3
DA:42,13
DA:44,13
DA:51,13
DA:59,5
DA:61,8
LF:15
LH:15
BRDA:16,0,0,0
BRDA:18,1,0,13
BRDA:22,2,0,6
BRDA:23,3,0,13
BRDA:24,4,0,6
BRDA:29,5,0,2
BRDA:29,5,1,11
BRDA:32,6,0,3
BRDA:32,6,1,0
BRDA:32,7,0,3
BRDA:32,7,1,3
BRDA:36,8,0,3
BRDA:36,8,1,0
BRDA:36,9,0,3
BRDA:36,9,1,3
BRDA:42,10,0,1
BRDA:42,10,1,4
BRF:17
BRH:14
end_of_record
TN:
SF:core/src/index.tsx
FNF:0
FNH:0
DA:8,1
DA:9,1
DA:10,1
DA:11,1
LF:4
LH:4
BRF:0
BRH:0
end_of_record
