TN:
SF:core/src/Content.tsx
FN:8,(anonymous_0)
FNF:1
FNH:1
FNDA:3,(anonymous_0)
DA:9,3
DA:10,3
LF:2
LH:2
BRDA:8,0,0,0
BRDA:9,1,0,3
BRF:2
BRH:1
end_of_record
TN:
SF:core/src/Footer.tsx
FN:8,(anonymous_0)
FNF:1
FNH:1
FNDA:3,(anonymous_0)
DA:9,3
DA:10,3
LF:2
LH:2
BRDA:8,0,0,0
BRDA:9,1,0,3
BRF:2
BRH:1
end_of_record
TN:
SF:core/src/Header.tsx
FN:8,(anonymous_0)
FNF:1
FNH:1
FNDA:3,(anonymous_0)
DA:9,3
DA:10,3
LF:2
LH:2
BRDA:8,0,0,0
BRDA:9,1,0,3
BRF:2
BRH:1
end_of_record
TN:
SF:core/src/Layout.tsx
FN:15,(anonymous_0)
FN:16,(anonymous_1)
FN:37,(anonymous_2)
FN:39,(anonymous_3)
FN:40,(anonymous_4)
FN:44,(anonymous_5)
FN:45,(anonymous_6)
FN:46,(anonymous_7)
FN:51,(anonymous_8)
FNF:9
FNH:5
FNDA:0,(anonymous_0)
FNDA:0,(anonymous_1)
FNDA:9,(anonymous_2)
FNDA:2,(anonymous_3)
FNDA:2,(anonymous_4)
FNDA:2,(anonymous_5)
FNDA:0,(anonymous_6)
FNDA:0,(anonymous_7)
FNDA:9,(anonymous_8)
DA:13,1
DA:15,0
DA:16,0
DA:33,1
DA:36,5
DA:38,9
DA:40,2
DA:45,2
DA:46,0
DA:52,9
DA:53,9
LF:11
LH:8
BRDA:59,0,0,4
BRDA:59,0,1,5
BRDA:59,1,0,9
BRDA:59,1,1,1
BRDA:59,1,2,8
BRF:5
BRH:5
end_of_record
TN:
SF:core/src/Sider.tsx
FN:4,randomid
FN:16,Sider
FN:31,(anonymous_2)
FN:35,(anonymous_3)
FN:42,(anonymous_4)
FN:58,(anonymous_5)
FN:61,(anonymous_6)
FNF:7
FNH:7
FNDA:8,randomid
FNDA:8,Sider
FNDA:2,(anonymous_2)
FNDA:2,(anonymous_3)
FNDA:3,(anonymous_4)
FNDA:3,(anonymous_5)
FNDA:5,(anonymous_6)
DA:5,8
DA:27,8
DA:28,8
DA:29,8
DA:31,8
DA:32,2
DA:33,2
DA:35,2
DA:36,2
DA:37,2
DA:42,8
DA:44,8
DA:51,8
DA:59,3
DA:61,5
LF:15
LH:15
BRDA:16,0,0,0
BRDA:18,1,0,8
BRDA:22,2,0,8
BRDA:23,3,0,8
BRDA:24,4,0,3
BRDA:29,5,0,2
BRDA:29,5,1,6
BRDA:32,6,0,2
BRDA:32,6,1,0
BRDA:32,7,0,2
BRDA:32,7,1,2
BRDA:36,8,0,2
BRDA:36,8,1,0
BRDA:36,9,0,2
BRDA:36,9,1,2
BRDA:42,10,0,1
BRDA:42,10,1,2
BRDA:58,11,0,0
BRF:18
BRH:14
end_of_record
TN:
SF:core/src/index.tsx
FNF:0
FNH:0
DA:8,1
DA:9,1
DA:10,1
DA:11,1
LF:4
LH:4
BRF:0
BRH:0
end_of_record
